<?xml version="1.0" encoding="UTF-8" standalone="yes"?>
<testsuites>
    <testsuite name="AwsResources" tests="4" failures="2">
        <testcase name="RunningTime" classname="myOrg-app1 Master"/>
        <testcase name="RunningTime" classname="myOrg-app1Services SSO Server"/>
        <testcase name="RunningTime" classname="myOrg-app2Services SSO Server">
            <failure message="has been running longer than the allowable time."/>
        </testcase>
        <testcase name="RunningTime" classname="myOrg-app2Services WebApp">
            <failure message="has been running longer than the allowable time."/>
        </testcase>
    </testsuite>
</testsuites>
